[2026-04-21 19:00:01 UTC] Generating fleet report...

# PLATO Fleet Daily Report
**Generated:** 2026-04-21T19:00:01.834781+00:00

## Knowledge Base
- Total Artifacts: 99
- Arena Matches: 8
- Knowledge Score: 109.64

## Artifact Breakdown
- arena_game: 9
- curriculum_design: 14
- federated_config: 10
- gradient_flow: 13
- knowledge_tile: 10
- nas_protocol: 12
- recursive_meta_rule: 9
- self_play_config: 8
- shell_upgrade: 14

## Recent Arena Activity
- ELO 1449 → 1643 (+194)
- ELO 1460 → 1659 (+199)
- ELO 1304 → 1425 (+121)
- ELO 1273 → 1463 (+190)
- ELO 1302 → 1358 (+56)

## Fleet Status
🟢 All systems operational. Autonomous cycles running every hour.
🟢 Git auto-push every 4 hours.
🟢 Casey is sleeping. The fleet works through the night.

---
*This report was generated autonomously by the PLATO fleet agent.*

[2026-04-21 19:00:01 UTC] Fleet report complete.
